<?xml version="1.0" encoding="UTF-8"?>
<dao>
    <other id="CreateMySqlTable">
        CREATE TABLE TEST
        (
            COL1 INT                         NOT NULL COMMENT 'int type' PRIMARY KEY,
            COL2 DECIMAL(10, 2) DEFAULT 7.70 NOT NULL COMMENT 'decimal(10, 2) type',
            COL3 DATETIME                        NULL COMMENT 'datetime type',
            COL4 VARCHAR(10)                     NULL COMMENT 'varchar(10) type',
            COL5 BLOB                            NULL COMMENT 'blob type'
        )
        COMMENT 'test table';
    </other>
    <other id="CreateMSSqlTable">
        CREATE TABLE TEST
        (
            COL1 INT                         NOT NULL CONSTRAINT [PRIMARY] PRIMARY KEY NONCLUSTERED,
            COL2 DECIMAL(10, 2) DEFAULT 7.70 NOT NULL,
            COL3 DATETIME,
            COL4 VARCHAR(10),
            COL5 VARBINARY(MAX)
        );
        EXEC SP_ADDEXTENDEDPROPERTY 'MS_Description', 'test table', 'SCHEMA', 'dbo', 'TABLE', 'TEST';
        EXEC SP_ADDEXTENDEDPROPERTY 'MS_Description', 'int type', 'SCHEMA', 'dbo', 'TABLE', 'TEST', 'COLUMN', 'COL1';
        EXEC SP_ADDEXTENDEDPROPERTY 'MS_Description', 'decimal(10, 2) type', 'SCHEMA', 'dbo', 'TABLE', 'TEST', 'COLUMN', 'COL2';
        EXEC SP_ADDEXTENDEDPROPERTY 'MS_Description', 'datetime type', 'SCHEMA', 'dbo', 'TABLE', 'TEST', 'COLUMN', 'COL3';
        EXEC SP_ADDEXTENDEDPROPERTY 'MS_Description', 'varchar(10) type', 'SCHEMA', 'dbo', 'TABLE', 'TEST', 'COLUMN', 'COL4';
        EXEC SP_ADDEXTENDEDPROPERTY 'MS_Description', 'varbinary(max) type', 'SCHEMA', 'dbo', 'TABLE', 'TEST', 'COLUMN', 'COL5';
    </other>
    <other id="CreateOracleTable">
        CREATE TABLE TEST
        (
            COL1 NUMBER                     NOT NULL CONSTRAINT "PRIMARY" PRIMARY KEY,
            COL2 NUMBER(10, 2) DEFAULT 7.70 NOT NULL,
            COL3 DATE,
            COL4 VARCHAR(10),
            COL5 BLOB
        )
    </other>
    <other id="CreateOracleTableComment1">
        COMMENT ON TABLE TEST IS 'test table'
    </other>
    <other id="CreateOracleTableComment2">
        COMMENT ON COLUMN TEST.COL1 IS 'NUMBER type'
    </other>
    <other id="CreateOracleTableComment3">
        COMMENT ON COLUMN TEST.COL2 IS 'NUMBER(10, 2) type'
    </other>
    <other id="CreateOracleTableComment4">
        COMMENT ON COLUMN TEST.COL3 IS 'date type'
    </other>
    <other id="CreateOracleTableComment5">
        COMMENT ON COLUMN TEST.COL4 IS 'varchar2(10) type'
    </other>
    <other id="CreateOracleTableComment6">
        COMMENT ON COLUMN TEST.COL5 IS 'blob type'
    </other>
    <other id="CreatePostgreSqlTable">
        CREATE TABLE TEST
        (
            COL1 INTEGER                     NOT NULL CONSTRAINT "PRIMARY" PRIMARY KEY,
            COL2 NUMERIC(10, 2) DEFAULT 7.70 NOT NULL,
            COL3 TIMESTAMP,
            COL4 VARCHAR(10),
            COL5 BYTEA
        );
        COMMENT ON TABLE TEST IS 'test table';
        COMMENT ON COLUMN TEST.COL1 IS 'integer type';
        COMMENT ON COLUMN TEST.COL2 IS 'numeric(10, 2) type';
        COMMENT ON COLUMN TEST.COL3 IS 'timestamp without time zone type';
        COMMENT ON COLUMN TEST.COL4 IS 'varchar(10) type';
        COMMENT ON COLUMN TEST.COL5 IS 'bytea type';
    </other>
    <insert id="Insert">
        INSERT INTO ${TABLE}
        <foreach params="LIST" open="(" separator="," close=")">
            #{val}
        </foreach>
        VALUES
        <foreach params="LIST" open="(" separator="," close=")">
            @{#{val}}
        </foreach>
    </insert>
    <update id="Update">
        UPDATE TEST SET COL1 = @{COL1} WHERE COL4 = @{COL4}
    </update>
    <delete id="Delete">
        DELETE FROM TEST WHERE COL1 = @{COL1}
    </delete>
    <select id="Query">
        SELECT * FROM TEST WHERE COL1 = @{COL1}
    </select>
    <select id="QueryPage">
        SELECT * FROM TEST
        <orderBy last="true">COL1</orderBy>
    </select>
</dao>