<?xml version="1.0" encoding="UTF-8"?>
<dao>
    <select id="testMySql1">
        SELECT * FROM USR
    </select>
    <select id="testMSSql1">
        SELECT * FROM USR
    </select>
    <select id="testOracle1">
        SELECT * FROM M_USER
    </select>

    <select id="testMySql2">
        SELECT * FROM USR
        <where>
            OR USR_STS = @{USR_STS}
            <if test="!nil(USR_ID) and USR_ID != ''">
                AND USR_ID = @{USR_ID}
            </if>
        </where>
    </select>
    <select id="testMSSql2">
        SELECT * FROM USR
        <where>
            OR USE_STS = @{USE_STS}
            <if test="!nil(USR_ID) and USR_ID != ''">
                AND USR_ID = @{USR_ID}
            </if>
        </where>
    </select>
    <select id="testOracle2">
        SELECT * FROM M_USER
        <where>
            OR USER_STATUS = @{USER_STATUS}
            <if test="!nil(USER_ID) and USER_ID != ''">
                AND USER_ID = @{USER_ID}
            </if>
        </where>
    </select>

    <select id="testMySql3">
        SELECT ${COL1}, ${COL2} FROM USR
        <orderBy last="true">
            ${SORT} DESC
        </orderBy>
    </select>
    <select id="testMSSql3">
        SELECT ${COL1}, ${COL2} FROM USR
        <orderBy last="true">
            ${SORT} DESC
        </orderBy>
    </select>
    <select id="testOracle3">
        SELECT ${COL1}, ${COL2} FROM M_USER
        <orderBy last="true">
            ${SORT} DESC
        </orderBy>
    </select>

    <select id="testMySql4">
        SELECT
        <foreach params="list" open="" separator="," close="">
            #{val}
        </foreach>
        FROM USR
    </select>
    <select id="testMSSql4">
        SELECT
        <foreach params="list" open="" separator="," close="">
            #{val}
        </foreach>
        FROM USR
    </select>
    <select id="testOracle4">
        SELECT
        <foreach params="list" open="" separator="," close="">
            #{val}
        </foreach>
        FROM M_USER
    </select>

    <select id="testSelect5">
        SELECT
        <if test="TYPE == 'MySql'">
            <foreach params="MySqlList" open="" separator="," close="">
                <if test="AS_NAME">#{val} AS #{key}</if>
                <if test="!AS_NAME">#{val}</if>
            </foreach>
        </if>
        <if test="TYPE == 'MSSql'">
            <foreach params="MSSqlList" open="" separator="," close="">
                <if test="AS_NAME">#{val} AS #{key}</if>
                <if test="!AS_NAME">#{val}</if>
            </foreach>
        </if>
        <if test="TYPE == 'Oracle'">
            <foreach params="OracleList" open="" separator="," close="">
                <if test="AS_NAME">#{val} AS #{key}</if>
                <if test="!AS_NAME">#{val}</if>
            </foreach>
        </if>
        FROM ${TABLE}
    </select>

    <select id="testSelect6">
        SELECT *
        <!--comment-->
        FROM ${TABLE}
        --comment
        <where>
        AND ${COL} = @{VAL}
        <!--
        <![CDATA[AND ${COL2} >= @{VAL2}]]>
        -->
        <![CDATA[--comment]]>
        <![CDATA[--comment<!--comment-->]]>
        <if test="TEST">
            <!--
            comment
            <foreach params="list" open="" separator="," close="">
                #{val}
            </foreach>
            -->
            --comment
        </if>
        <![CDATA[
        --comment
        <!--
            comment
            AND ${COL2} >= @{VAL2}
        -->
]]>
        <if test="TEST2">
            AND ${COL2} <![CDATA[ >= ]]> @{VAL2}
            <!--
            comment
            <foreach params="list" open="" separator="," close="">
                #{val}
            </foreach>
            -->
            --comment
        </if>
        <!--
        <if test="!nil(VAL) and VAL != ''">
            AND COL = @{VAL}
        </if>
        comment
        -->
        </where>
        <orderBy>
            ${COL} DESC
        </orderBy>
    </select>

    <insert id="testInsert1">
        INSERT INTO ${TABLE}
        <foreach params="list" open="(" separator="," close=")">
            #{val}
        </foreach>
        VALUES
        <foreach params="list" open="(" separator="," close=")">
            @{#{val}}
        </foreach>
    </insert>

    <update id="testUpdate1">
        UPDATE ${TABLE} SET ${COL1}=@{${COL1}} WHERE ${COL2}=@{${COL2}}
    </update>

    <delete id="testDelete1">
        DELETE FROM ${TABLE} WHERE ${COL}=@{${COL}}
    </delete>

    <other id="testOther1">
        CREATE TABLE TEST_CREATE (TEST_COL VARCHAR(255))
    </other>

    <other id="testOther2">
        DROP TABLE TEST_CREATE
    </other>
</dao>